<?xml version="1.0" encoding="UTF-8"?>
<testsuite name="com.tinderrestaurant.Tinder.Restaurants.TinderRestaurantsApplicationTests" tests="1" skipped="0" failures="0" errors="0" timestamp="2019-01-31T20:33:51" hostname="yoga" time="0.21">
  <properties/>
  <testcase name="test" classname="com.tinderrestaurant.Tinder.Restaurants.TinderRestaurantsApplicationTests" time="0.21"/>
  <system-out><![CDATA[20:33:39.418 [Test worker] DEBUG org.springframework.test.context.junit4.SpringJUnit4ClassRunner - SpringJUnit4ClassRunner constructor called with [class com.tinderrestaurant.Tinder.Restaurants.TinderRestaurantsApplicationTests]
20:33:39.427 [Test worker] DEBUG org.springframework.test.context.BootstrapUtils - Instantiating CacheAwareContextLoaderDelegate from class [org.springframework.test.context.cache.DefaultCacheAwareContextLoaderDelegate]
20:33:39.435 [Test worker] DEBUG org.springframework.test.context.BootstrapUtils - Instantiating BootstrapContext using constructor [public org.springframework.test.context.support.DefaultBootstrapContext(java.lang.Class,org.springframework.test.context.CacheAwareContextLoaderDelegate)]
20:33:39.455 [Test worker] DEBUG org.springframework.test.context.BootstrapUtils - Instantiating TestContextBootstrapper for test class [com.tinderrestaurant.Tinder.Restaurants.TinderRestaurantsApplicationTests] from class [org.springframework.boot.test.context.SpringBootTestContextBootstrapper]
20:33:39.466 [Test worker] INFO org.springframework.boot.test.context.SpringBootTestContextBootstrapper - Neither @ContextConfiguration nor @ContextHierarchy found for test class [com.tinderrestaurant.Tinder.Restaurants.TinderRestaurantsApplicationTests], using SpringBootContextLoader
20:33:39.469 [Test worker] DEBUG org.springframework.test.context.support.AbstractContextLoader - Did not detect default resource location for test class [com.tinderrestaurant.Tinder.Restaurants.TinderRestaurantsApplicationTests]: class path resource [com/tinderrestaurant/Tinder/Restaurants/TinderRestaurantsApplicationTests-context.xml] does not exist
20:33:39.470 [Test worker] DEBUG org.springframework.test.context.support.AbstractContextLoader - Did not detect default resource location for test class [com.tinderrestaurant.Tinder.Restaurants.TinderRestaurantsApplicationTests]: class path resource [com/tinderrestaurant/Tinder/Restaurants/TinderRestaurantsApplicationTestsContext.groovy] does not exist
20:33:39.470 [Test worker] INFO org.springframework.test.context.support.AbstractContextLoader - Could not detect default resource locations for test class [com.tinderrestaurant.Tinder.Restaurants.TinderRestaurantsApplicationTests]: no resource found for suffixes {-context.xml, Context.groovy}.
20:33:39.471 [Test worker] INFO org.springframework.test.context.support.AnnotationConfigContextLoaderUtils - Could not detect default configuration classes for test class [com.tinderrestaurant.Tinder.Restaurants.TinderRestaurantsApplicationTests]: TinderRestaurantsApplicationTests does not declare any static, non-private, non-final, nested classes annotated with @Configuration.
20:33:39.512 [Test worker] DEBUG org.springframework.test.context.support.ActiveProfilesUtils - Could not find an 'annotation declaring class' for annotation type [org.springframework.test.context.ActiveProfiles] and class [com.tinderrestaurant.Tinder.Restaurants.TinderRestaurantsApplicationTests]
20:33:39.575 [Test worker] DEBUG org.springframework.context.annotation.ClassPathScanningCandidateComponentProvider - Identified candidate component class: file [/home/emil/dev/TeamProject2019_03/server/build/classes/java/main/com/tinderrestaurant/Tinder/Restaurants/TinderRestaurantsApplication.class]
20:33:39.576 [Test worker] INFO org.springframework.boot.test.context.SpringBootTestContextBootstrapper - Found @SpringBootConfiguration com.tinderrestaurant.Tinder.Restaurants.TinderRestaurantsApplication for test class com.tinderrestaurant.Tinder.Restaurants.TinderRestaurantsApplicationTests
20:33:39.670 [Test worker] DEBUG org.springframework.boot.test.context.SpringBootTestContextBootstrapper - @TestExecutionListeners is not present for class [com.tinderrestaurant.Tinder.Restaurants.TinderRestaurantsApplicationTests]: using defaults.
20:33:39.671 [Test worker] INFO org.springframework.boot.test.context.SpringBootTestContextBootstrapper - Loaded default TestExecutionListener class names from location [META-INF/spring.factories]: [org.springframework.boot.test.autoconfigure.restdocs.RestDocsTestExecutionListener, org.springframework.boot.test.autoconfigure.web.client.MockRestServiceServerResetTestExecutionListener, org.springframework.boot.test.autoconfigure.web.servlet.MockMvcPrintOnlyOnFailureTestExecutionListener, org.springframework.boot.test.autoconfigure.web.servlet.WebDriverTestExecutionListener, org.springframework.boot.test.mock.mockito.MockitoTestExecutionListener, org.springframework.boot.test.mock.mockito.ResetMocksTestExecutionListener, org.springframework.test.context.web.ServletTestExecutionListener, org.springframework.test.context.support.DirtiesContextBeforeModesTestExecutionListener, org.springframework.test.context.support.DependencyInjectionTestExecutionListener, org.springframework.test.context.support.DirtiesContextTestExecutionListener, org.springframework.test.context.transaction.TransactionalTestExecutionListener, org.springframework.test.context.jdbc.SqlScriptsTestExecutionListener]
20:33:39.695 [Test worker] INFO org.springframework.boot.test.context.SpringBootTestContextBootstrapper - Using TestExecutionListeners: [org.springframework.test.context.web.ServletTestExecutionListener@753e80fe, org.springframework.test.context.support.DirtiesContextBeforeModesTestExecutionListener@2b8063ab, org.springframework.boot.test.mock.mockito.MockitoTestExecutionListener@21836426, org.springframework.boot.test.autoconfigure.SpringBootDependencyInjectionTestExecutionListener@4f2652cc, org.springframework.test.context.support.DirtiesContextTestExecutionListener@4e9e02a6, org.springframework.test.context.transaction.TransactionalTestExecutionListener@662bade5, org.springframework.test.context.jdbc.SqlScriptsTestExecutionListener@5c335752, org.springframework.boot.test.autoconfigure.restdocs.RestDocsTestExecutionListener@217ece2a, org.springframework.boot.test.autoconfigure.web.client.MockRestServiceServerResetTestExecutionListener@1f4b7391, org.springframework.boot.test.autoconfigure.web.servlet.MockMvcPrintOnlyOnFailureTestExecutionListener@2434a118, org.springframework.boot.test.autoconfigure.web.servlet.WebDriverTestExecutionListener@62fbfb0b, org.springframework.boot.test.mock.mockito.ResetMocksTestExecutionListener@352376e0]
20:33:39.698 [Test worker] DEBUG org.springframework.test.annotation.ProfileValueUtils - Retrieved @ProfileValueSourceConfiguration [null] for test class [com.tinderrestaurant.Tinder.Restaurants.TinderRestaurantsApplicationTests]
20:33:39.698 [Test worker] DEBUG org.springframework.test.annotation.ProfileValueUtils - Retrieved ProfileValueSource type [class org.springframework.test.annotation.SystemProfileValueSource] for class [com.tinderrestaurant.Tinder.Restaurants.TinderRestaurantsApplicationTests]
20:33:39.699 [Test worker] DEBUG org.springframework.test.annotation.ProfileValueUtils - Retrieved @ProfileValueSourceConfiguration [null] for test class [com.tinderrestaurant.Tinder.Restaurants.TinderRestaurantsApplicationTests]
20:33:39.699 [Test worker] DEBUG org.springframework.test.annotation.ProfileValueUtils - Retrieved ProfileValueSource type [class org.springframework.test.annotation.SystemProfileValueSource] for class [com.tinderrestaurant.Tinder.Restaurants.TinderRestaurantsApplicationTests]
20:33:39.703 [Test worker] DEBUG org.springframework.test.context.support.AbstractDirtiesContextTestExecutionListener - Before test class: context [DefaultTestContext@26c09193 testClass = TinderRestaurantsApplicationTests, testInstance = [null], testMethod = [null], testException = [null], mergedContextConfiguration = [WebMergedContextConfiguration@2ec1dacb testClass = TinderRestaurantsApplicationTests, locations = '{}', classes = '{class com.tinderrestaurant.Tinder.Restaurants.TinderRestaurantsApplication}', contextInitializerClasses = '[]', activeProfiles = '{}', propertySourceLocations = '{}', propertySourceProperties = '{org.springframework.boot.test.context.SpringBootTestContextBootstrapper=true}', contextCustomizers = set[org.springframework.boot.test.autoconfigure.properties.PropertyMappingContextCustomizer@0, org.springframework.boot.test.autoconfigure.web.servlet.WebDriverContextCustomizerFactory$Customizer@3a460aa8, org.springframework.boot.test.context.filter.ExcludeFilterContextCustomizer@29b4737a, org.springframework.boot.test.json.DuplicateJsonObjectContextCustomizerFactory$DuplicateJsonObjectContextCustomizer@f35ed4c, org.springframework.boot.test.mock.mockito.MockitoContextCustomizer@0, org.springframework.boot.test.web.client.TestRestTemplateContextCustomizer@7a983e18], resourceBasePath = 'src/main/webapp', contextLoader = 'org.springframework.boot.test.context.SpringBootContextLoader', parent = [null]], attributes = map['org.springframework.test.context.web.ServletTestExecutionListener.activateListener' -> true]], class annotated with @DirtiesContext [false] with mode [null].
20:33:39.704 [Test worker] DEBUG org.springframework.test.annotation.ProfileValueUtils - Retrieved @ProfileValueSourceConfiguration [null] for test class [com.tinderrestaurant.Tinder.Restaurants.TinderRestaurantsApplicationTests]
20:33:39.704 [Test worker] DEBUG org.springframework.test.annotation.ProfileValueUtils - Retrieved ProfileValueSource type [class org.springframework.test.annotation.SystemProfileValueSource] for class [com.tinderrestaurant.Tinder.Restaurants.TinderRestaurantsApplicationTests]
20:33:39.724 [Test worker] DEBUG org.springframework.test.context.support.TestPropertySourceUtils - Adding inlined properties to environment: {spring.jmx.enabled=false, org.springframework.boot.test.context.SpringBootTestContextBootstrapper=true, server.port=-1}

  .   ____          _            __ _ _
 /\\ / ___'_ __ _ _(_)_ __  __ _ \ \ \ \
( ( )\___ | '_ | '_| | '_ \/ _` | \ \ \ \
 \\/  ___)| |_)| | | | | || (_| |  ) ) ) )
  '  |____| .__|_| |_|_| |_\__, | / / / /
 =========|_|==============|___/=/_/_/_/
 :: Spring Boot ::        (v2.1.2.RELEASE)

2019-01-31 20:33:39.981  INFO 13640 --- [    Test worker] .t.T.R.TinderRestaurantsApplicationTests : Starting TinderRestaurantsApplicationTests on yoga with PID 13640 (started by emil in /home/emil/dev/TeamProject2019_03/server)
2019-01-31 20:33:39.983  INFO 13640 --- [    Test worker] .t.T.R.TinderRestaurantsApplicationTests : No active profile set, falling back to default profiles: default
2019-01-31 20:33:41.071  INFO 13640 --- [    Test worker] .s.d.r.c.RepositoryConfigurationDelegate : Bootstrapping Spring Data repositories in DEFAULT mode.
2019-01-31 20:33:41.178  INFO 13640 --- [    Test worker] .s.d.r.c.RepositoryConfigurationDelegate : Finished Spring Data repository scanning in 96ms. Found 4 repository interfaces.
2019-01-31 20:33:41.835  INFO 13640 --- [    Test worker] trationDelegate$BeanPostProcessorChecker : Bean 'org.springframework.transaction.annotation.ProxyTransactionManagementConfiguration' of type [org.springframework.transaction.annotation.ProxyTransactionManagementConfiguration$$EnhancerBySpringCGLIB$$890b9522] is not eligible for getting processed by all BeanPostProcessors (for example: not eligible for auto-proxying)
2019-01-31 20:33:41.885  INFO 13640 --- [    Test worker] trationDelegate$BeanPostProcessorChecker : Bean 'org.springframework.hateoas.config.HateoasConfiguration' of type [org.springframework.hateoas.config.HateoasConfiguration$$EnhancerBySpringCGLIB$$88be254] is not eligible for getting processed by all BeanPostProcessors (for example: not eligible for auto-proxying)
2019-01-31 20:33:42.256  INFO 13640 --- [    Test worker] com.zaxxer.hikari.HikariDataSource       : HikariPool-1 - Starting...
2019-01-31 20:33:42.586  INFO 13640 --- [    Test worker] com.zaxxer.hikari.pool.PoolBase          : HikariPool-1 - Driver does not support get/set network timeout for connections. (Method org.postgresql.jdbc42.Jdbc42Connection.getNetworkTimeout() is not yet implemented.)
2019-01-31 20:33:42.611  INFO 13640 --- [    Test worker] com.zaxxer.hikari.HikariDataSource       : HikariPool-1 - Start completed.
2019-01-31 20:33:42.703  INFO 13640 --- [    Test worker] o.hibernate.jpa.internal.util.LogHelper  : HHH000204: Processing PersistenceUnitInfo [
	name: default
	...]
2019-01-31 20:33:42.793  INFO 13640 --- [    Test worker] org.hibernate.Version                    : HHH000412: Hibernate Core {5.3.7.Final}
2019-01-31 20:33:42.795  INFO 13640 --- [    Test worker] org.hibernate.cfg.Environment            : HHH000206: hibernate.properties not found
2019-01-31 20:33:42.957  INFO 13640 --- [    Test worker] o.hibernate.annotations.common.Version   : HCANN000001: Hibernate Commons Annotations {5.0.4.Final}
2019-01-31 20:33:43.119  INFO 13640 --- [    Test worker] org.hibernate.dialect.Dialect            : HHH000400: Using dialect: org.hibernate.dialect.PostgreSQL9Dialect
2019-01-31 20:33:43.136  INFO 13640 --- [    Test worker] o.h.e.j.e.i.LobCreatorBuilderImpl        : HHH000422: Disabling contextual LOB creation as connection was null
2019-01-31 20:33:43.146  INFO 13640 --- [    Test worker] org.hibernate.type.BasicTypeRegistry     : HHH000270: Type registration [java.util.UUID] overrides previous : org.hibernate.type.UUIDBinaryType@5ea7da66
2019-01-31 20:33:44.284  INFO 13640 --- [    Test worker] j.LocalContainerEntityManagerFactoryBean : Initialized JPA EntityManagerFactory for persistence unit 'default'
2019-01-31 20:33:47.888  INFO 13640 --- [    Test worker] o.s.s.web.DefaultSecurityFilterChain     : Creating filter chain: any request, [org.springframework.security.web.context.request.async.WebAsyncManagerIntegrationFilter@5ecf6907, org.springframework.security.web.context.SecurityContextPersistenceFilter@2e37ef2a, org.springframework.security.web.header.HeaderWriterFilter@5f40923d, org.springframework.web.filter.CorsFilter@17e5d922, org.springframework.security.web.authentication.logout.LogoutFilter@3467cbc0, com.tinderrestaurant.Tinder.Restaurants.security.JWTAuthenticationFilter@410e3cb2, com.tinderrestaurant.Tinder.Restaurants.security.JWTAuthorizationFilter@20b7feb1, org.springframework.security.web.savedrequest.RequestCacheAwareFilter@108d2246, org.springframework.security.web.servletapi.SecurityContextHolderAwareRequestFilter@698c96dc, org.springframework.security.web.authentication.AnonymousAuthenticationFilter@5952cf1, org.springframework.security.web.session.SessionManagementFilter@14311ab4, org.springframework.security.web.access.ExceptionTranslationFilter@f2c58ce, org.springframework.security.web.access.intercept.FilterSecurityInterceptor@749aa6bb]
2019-01-31 20:33:49.510  INFO 13640 --- [    Test worker] o.s.s.concurrent.ThreadPoolTaskExecutor  : Initializing ExecutorService 'applicationTaskExecutor'
2019-01-31 20:33:49.653  WARN 13640 --- [    Test worker] aWebConfiguration$JpaWebMvcConfiguration : spring.jpa.open-in-view is enabled by default. Therefore, database queries may be performed during view rendering. Explicitly configure spring.jpa.open-in-view to disable this warning
2019-01-31 20:33:51.103  INFO 13640 --- [    Test worker] .t.T.R.TinderRestaurantsApplicationTests : Started TinderRestaurantsApplicationTests in 11.347 seconds (JVM running for 12.219)
]]></system-out>
  <system-err><![CDATA[]]></system-err>
</testsuite>
